   1               		.file	"uart.c"
   2               	__SREG__ = 0x3f
   3               	__SP_H__ = 0x3e
   4               	__SP_L__ = 0x3d
   5               	__CCP__  = 0x34
   6               	__tmp_reg__ = 0
   7               	__zero_reg__ = 1
  15               	.Ltext0:
  16               	.global	__vector_18
  18               	__vector_18:
  19               	.LFB2:
  20               	.LM1:
  21 0000 1F92      		push __zero_reg__
  22 0002 0F92      		push r0
  23 0004 0FB6      		in r0,__SREG__
  24 0006 0F92      		push r0
  25 0008 1124      		clr __zero_reg__
  26 000a 2F93      		push r18
  27 000c 8F93      		push r24
  28 000e 9F93      		push r25
  29 0010 EF93      		push r30
  30 0012 FF93      		push r31
  31               	/* prologue: Signal */
  32               	/* frame size = 0 */
  33               	.LM2:
  34 0014 9091 C000 		lds r25,192
  35               	.LVL0:
  36               	.LM3:
  37 0018 2091 C600 		lds r18,198
  38               	.LVL1:
  39               	.LM4:
  40 001c E091 0000 		lds r30,UART_RxHead
  41               	.LVL2:
  42 0020 EF5F      		subi r30,lo8(-(1))
  43 0022 EF71      		andi r30,lo8(31)
  44               	.LM5:
  45 0024 8091 0000 		lds r24,UART_RxTail
  46 0028 E817      		cp r30,r24
  47 002a 01F4      		brne .L2
  48 002c 92E0      		ldi r25,lo8(2)
  49               	.LVL3:
  50 002e 00C0      		rjmp .L3
  51               	.LVL4:
  52               	.L2:
  53               	.LM6:
  54 0030 9871      		andi r25,lo8(24)
  55               	.LVL5:
  56               	.LM7:
  57 0032 E093 0000 		sts UART_RxHead,r30
  58               	.LM8:
  59 0036 F0E0      		ldi r31,lo8(0)
  60 0038 E050      		subi r30,lo8(-(UART_RxBuf))
  61 003a F040      		sbci r31,hi8(-(UART_RxBuf))
  62               	.LVL6:
  63 003c 2083      		st Z,r18
  64               	.LVL7:
  65               	.L3:
  66               	.LM9:
  67 003e 8091 0000 		lds r24,UART_LastRxError
  68 0042 982B      		or r25,r24
  69 0044 9093 0000 		sts UART_LastRxError,r25
  70               	/* epilogue start */
  71               	.LM10:
  72 0048 FF91      		pop r31
  73 004a EF91      		pop r30
  74               	.LVL8:
  75 004c 9F91      		pop r25
  76               	.LVL9:
  77 004e 8F91      		pop r24
  78 0050 2F91      		pop r18
  79               	.LVL10:
  80 0052 0F90      		pop r0
  81 0054 0FBE      		out __SREG__,r0
  82 0056 0F90      		pop r0
  83 0058 1F90      		pop __zero_reg__
  84 005a 1895      		reti
  85               	.LFE2:
  87               	.global	__vector_19
  89               	__vector_19:
  90               	.LFB3:
  91               	.LM11:
  92 005c 1F92      		push __zero_reg__
  93 005e 0F92      		push r0
  94 0060 0FB6      		in r0,__SREG__
  95 0062 0F92      		push r0
  96 0064 1124      		clr __zero_reg__
  97 0066 8F93      		push r24
  98 0068 9F93      		push r25
  99 006a EF93      		push r30
 100 006c FF93      		push r31
 101               	/* prologue: Signal */
 102               	/* frame size = 0 */
 103               	.LM12:
 104 006e 9091 0000 		lds r25,UART_TxHead
 105 0072 8091 0000 		lds r24,UART_TxTail
 106 0076 9817      		cp r25,r24
 107 0078 01F0      		breq .L6
 108               	.LM13:
 109 007a E091 0000 		lds r30,UART_TxTail
 110               	.LVL11:
 111 007e EF5F      		subi r30,lo8(-(1))
 112 0080 EF71      		andi r30,lo8(31)
 113               	.LM14:
 114 0082 E093 0000 		sts UART_TxTail,r30
 115               	.LM15:
 116 0086 F0E0      		ldi r31,lo8(0)
 117 0088 E050      		subi r30,lo8(-(UART_TxBuf))
 118 008a F040      		sbci r31,hi8(-(UART_TxBuf))
 119               	.LVL12:
 120 008c 8081      		ld r24,Z
 121 008e 8093 C600 		sts 198,r24
 122 0092 00C0      		rjmp .L8
 123               	.L6:
 124               	.LM16:
 125 0094 8091 C100 		lds r24,193
 126 0098 8F7D      		andi r24,lo8(-33)
 127 009a 8093 C100 		sts 193,r24
 128               	.L8:
 129               	/* epilogue start */
 130               	.LM17:
 131 009e FF91      		pop r31
 132 00a0 EF91      		pop r30
 133 00a2 9F91      		pop r25
 134 00a4 8F91      		pop r24
 135 00a6 0F90      		pop r0
 136 00a8 0FBE      		out __SREG__,r0
 137 00aa 0F90      		pop r0
 138 00ac 1F90      		pop __zero_reg__
 139 00ae 1895      		reti
 140               	.LFE3:
 142               	.global	uart_init
 144               	uart_init:
 145               	.LFB4:
 146               	.LM18:
 147               	.LVL13:
 148               	/* prologue: function */
 149               	/* frame size = 0 */
 150 00b0 9C01      		movw r18,r24
 151               	.LM19:
 152 00b2 1092 0000 		sts UART_TxHead,__zero_reg__
 153               	.LM20:
 154 00b6 1092 0000 		sts UART_TxTail,__zero_reg__
 155               	.LM21:
 156 00ba 1092 0000 		sts UART_RxHead,__zero_reg__
 157               	.LM22:
 158 00be 1092 0000 		sts UART_RxTail,__zero_reg__
 159               	.LM23:
 160 00c2 97FF      		sbrs r25,7
 161 00c4 00C0      		rjmp .L10
 162               	.LM24:
 163 00c6 82E0      		ldi r24,lo8(2)
 164               	.LVL14:
 165 00c8 8093 C000 		sts 192,r24
 166               	.LM25:
 167 00cc 3F77      		andi r19,hi8(32767)
 168               	.LVL15:
 169               	.L10:
 170               	.LM26:
 171 00ce 3093 C500 		sts 197,r19
 172               	.LVL16:
 173               	.LM27:
 174 00d2 2093 C400 		sts 196,r18
 175               	.LM28:
 176 00d6 88E9      		ldi r24,lo8(-104)
 177 00d8 8093 C100 		sts 193,r24
 178               	.LM29:
 179 00dc 86E0      		ldi r24,lo8(6)
 180 00de 8093 C200 		sts 194,r24
 181               	/* epilogue start */
 182               	.LM30:
 183 00e2 0895      		ret
 184               	.LFE4:
 186               	.global	uart_getc
 188               	uart_getc:
 189               	.LFB5:
 190               	.LM31:
 191               	/* prologue: function */
 192               	/* frame size = 0 */
 193               	.LM32:
 194 00e4 9091 0000 		lds r25,UART_RxHead
 195 00e8 8091 0000 		lds r24,UART_RxTail
 196 00ec 9817      		cp r25,r24
 197 00ee 01F4      		brne .L13
 198 00f0 20E0      		ldi r18,lo8(256)
 199 00f2 31E0      		ldi r19,hi8(256)
 200 00f4 00C0      		rjmp .L14
 201               	.L13:
 202               	.LM33:
 203 00f6 E091 0000 		lds r30,UART_RxTail
 204               	.LVL17:
 205 00fa EF5F      		subi r30,lo8(-(1))
 206 00fc EF71      		andi r30,lo8(31)
 207               	.LM34:
 208 00fe E093 0000 		sts UART_RxTail,r30
 209               	.LM35:
 210 0102 F0E0      		ldi r31,lo8(0)
 211 0104 E050      		subi r30,lo8(-(UART_RxBuf))
 212 0106 F040      		sbci r31,hi8(-(UART_RxBuf))
 213               	.LVL18:
 214 0108 8081      		ld r24,Z
 215               	.LVL19:
 216               	.LM36:
 217 010a 9091 0000 		lds r25,UART_LastRxError
 218               	.LM37:
 219 010e 1092 0000 		sts UART_LastRxError,__zero_reg__
 220               	.LM38:
 221 0112 282F      		mov r18,r24
 222 0114 30E0      		ldi r19,lo8(0)
 223               	.L14:
 224               	.LM39:
 225 0116 C901      		movw r24,r18
 226               	.LVL20:
 227               	/* epilogue start */
 228 0118 0895      		ret
 229               	.LFE5:
 231               	.global	uart_putc
 233               	uart_putc:
 234               	.LFB6:
 235               	.LM40:
 236               	.LVL21:
 237               	/* prologue: function */
 238               	/* frame size = 0 */
 239 011a 282F      		mov r18,r24
 240               	.LM41:
 241 011c 9091 0000 		lds r25,UART_TxHead
 242               	.LVL22:
 243 0120 9F5F      		subi r25,lo8(-(1))
 244 0122 9F71      		andi r25,lo8(31)
 245               	.LVL23:
 246               	.L17:
 247               	.LM42:
 248 0124 8091 0000 		lds r24,UART_TxTail
 249 0128 9817      		cp r25,r24
 250 012a 01F0      		breq .L17
 251               	.LM43:
 252 012c E92F      		mov r30,r25
 253 012e F0E0      		ldi r31,lo8(0)
 254 0130 E050      		subi r30,lo8(-(UART_TxBuf))
 255 0132 F040      		sbci r31,hi8(-(UART_TxBuf))
 256 0134 2083      		st Z,r18
 257               	.LM44:
 258 0136 9093 0000 		sts UART_TxHead,r25
 259               	.LM45:
 260 013a 8091 C100 		lds r24,193
 261 013e 8062      		ori r24,lo8(32)
 262 0140 8093 C100 		sts 193,r24
 263               	/* epilogue start */
 264               	.LM46:
 265 0144 0895      		ret
 266               	.LFE6:
 268               	.global	uart_puts
 270               	uart_puts:
 271               	.LFB7:
 272               	.LM47:
 273               	.LVL24:
 274 0146 CF93      		push r28
 275 0148 DF93      		push r29
 276               	/* prologue: function */
 277               	/* frame size = 0 */
 278 014a EC01      		movw r28,r24
 279 014c 00C0      		rjmp .L21
 280               	.LVL25:
 281               	.L22:
 282               	.LM48:
 283 014e 2196      		adiw r28,1
 284 0150 0E94 0000 		call uart_putc
 285               	.LVL26:
 286               	.L21:
 287               	.LM49:
 288 0154 8881      		ld r24,Y
 289 0156 8823      		tst r24
 290 0158 01F4      		brne .L22
 291               	/* epilogue start */
 292               	.LM50:
 293 015a DF91      		pop r29
 294 015c CF91      		pop r28
 295               	.LVL27:
 296 015e 0895      		ret
 297               	.LFE7:
 299               	.global	uart_puts_p
 301               	uart_puts_p:
 302               	.LFB8:
 303               	.LM51:
 304               	.LVL28:
 305 0160 CF93      		push r28
 306 0162 DF93      		push r29
 307               	/* prologue: function */
 308               	/* frame size = 0 */
 309 0164 EC01      		movw r28,r24
 310 0166 00C0      		rjmp .L25
 311               	.LVL29:
 312               	.L26:
 313               	.LM52:
 314 0168 0E94 0000 		call uart_putc
 315               	.LVL30:
 316               	.L25:
 317 016c FE01      		movw r30,r28
 318               	.LVL31:
 319               	.LBB2:
 320               	.LM53:
 321 016e 2196      		adiw r28,1
 322               	/* #APP */
 323               	 ;  474 "uart.c" 1
 324 0170 8491      		lpm r24, Z
 325               		
 326               	 ;  0 "" 2
 327               	.LVL32:
 328               	/* #NOAPP */
 329               	.LBE2:
 330 0172 8823      		tst r24
 331 0174 01F4      		brne .L26
 332               	/* epilogue start */
 333               	.LM54:
 334 0176 DF91      		pop r29
 335 0178 CF91      		pop r28
 336               	.LVL33:
 337 017a 0895      		ret
 338               	.LFE8:
 340               		.lcomm UART_TxBuf,32
 341               		.lcomm UART_RxBuf,32
 342               		.lcomm UART_TxHead,1
 343               		.lcomm UART_TxTail,1
 344               		.lcomm UART_RxHead,1
 345               		.lcomm UART_RxTail,1
 346               		.lcomm UART_LastRxError,1
 419               	.Letext0:
DEFINED SYMBOLS
                            *ABS*:00000000 uart.c
C:\Users\SPENCE~1\AppData\Local\Temp/ccE94Hkv.s:2      *ABS*:0000003f __SREG__
C:\Users\SPENCE~1\AppData\Local\Temp/ccE94Hkv.s:3      *ABS*:0000003e __SP_H__
C:\Users\SPENCE~1\AppData\Local\Temp/ccE94Hkv.s:4      *ABS*:0000003d __SP_L__
C:\Users\SPENCE~1\AppData\Local\Temp/ccE94Hkv.s:5      *ABS*:00000034 __CCP__
C:\Users\SPENCE~1\AppData\Local\Temp/ccE94Hkv.s:6      *ABS*:00000000 __tmp_reg__
C:\Users\SPENCE~1\AppData\Local\Temp/ccE94Hkv.s:7      *ABS*:00000001 __zero_reg__
C:\Users\SPENCE~1\AppData\Local\Temp/ccE94Hkv.s:18     .text:00000000 __vector_18
C:\Users\SPENCE~1\AppData\Local\Temp/ccE94Hkv.s:343    .bss:00000042 UART_RxHead
C:\Users\SPENCE~1\AppData\Local\Temp/ccE94Hkv.s:344    .bss:00000043 UART_RxTail
C:\Users\SPENCE~1\AppData\Local\Temp/ccE94Hkv.s:340    .bss:00000020 UART_RxBuf
C:\Users\SPENCE~1\AppData\Local\Temp/ccE94Hkv.s:345    .bss:00000044 UART_LastRxError
C:\Users\SPENCE~1\AppData\Local\Temp/ccE94Hkv.s:89     .text:0000005c __vector_19
C:\Users\SPENCE~1\AppData\Local\Temp/ccE94Hkv.s:341    .bss:00000040 UART_TxHead
C:\Users\SPENCE~1\AppData\Local\Temp/ccE94Hkv.s:342    .bss:00000041 UART_TxTail
                             .bss:00000000 UART_TxBuf
C:\Users\SPENCE~1\AppData\Local\Temp/ccE94Hkv.s:144    .text:000000b0 uart_init
C:\Users\SPENCE~1\AppData\Local\Temp/ccE94Hkv.s:188    .text:000000e4 uart_getc
C:\Users\SPENCE~1\AppData\Local\Temp/ccE94Hkv.s:233    .text:0000011a uart_putc
C:\Users\SPENCE~1\AppData\Local\Temp/ccE94Hkv.s:270    .text:00000146 uart_puts
C:\Users\SPENCE~1\AppData\Local\Temp/ccE94Hkv.s:301    .text:00000160 uart_puts_p

UNDEFINED SYMBOLS
__do_clear_bss
